Using pre-set license
Built from '2020.3/staging' branch; Version is '2020.3.33f1 (915a7af8b0d5) revision 9525882'; Using compiler version '192528614'; Build Type 'Release'
OS: 'Windows 10  (10.0.19044) 64bit Core' Language: 'en' Physical Memory: 32683 MB
BatchMode: 1, IsHumanControllingUs: 0, StartBugReporterOnCrash: 0, Is64bit: 1, IsPro: 0

COMMAND LINE ARGUMENTS:
E:\CreateArt\UnityEditor\2020.3.33f1\Editor\Unity.exe
-adb2
-batchMode
-noUpm
-name
AssetImportWorker0
-projectPath
D:/Projects/Rosedale-Medical-Centre/Rosedale-Interaction
-logFile
Logs/AssetImportWorker0.log
-srvPort
57137
Successfully changed project path to: D:/Projects/Rosedale-Medical-Centre/Rosedale-Interaction
D:/Projects/Rosedale-Medical-Centre/Rosedale-Interaction
Using Asset Import Pipeline V2.
Refreshing native plugins compatible for Editor in 37.85 ms, found 2 plugins.
Preloading 0 native plugins for Editor in 0.00 ms.
Initialize engine version: 2020.3.33f1 (915a7af8b0d5)
[Subsystems] Discovering subsystems at path E:/CreateArt/UnityEditor/2020.3.33f1/Editor/Data/Resources/UnitySubsystems
[Subsystems] Discovering subsystems at path D:/Projects/Rosedale-Medical-Centre/Rosedale-Interaction/Assets
GfxDevice: creating device client; threaded=0
Direct3D:
    Version:  Direct3D 11.0 [level 11.1]
    Renderer: NVIDIA GeForce RTX 2080 Ti (ID=0x1e07)
    Vendor:   
    VRAM:     11048 MB
    Driver:   30.0.14.7168
Initialize mono
Mono path[0] = 'E:/CreateArt/UnityEditor/2020.3.33f1/Editor/Data/Managed'
Mono path[1] = 'E:/CreateArt/UnityEditor/2020.3.33f1/Editor/Data/MonoBleedingEdge/lib/mono/unityjit'
Mono config path = 'E:/CreateArt/UnityEditor/2020.3.33f1/Editor/Data/MonoBleedingEdge/etc'
Using monoOptions --debugger-agent=transport=dt_socket,embedding=1,server=y,suspend=n,address=127.0.0.1:56800
Begin MonoManager ReloadAssembly
Registering precompiled unity dll's ...
Register platform support module: E:/CreateArt/UnityEditor/2020.3.33f1/Editor/Data/PlaybackEngines/WebGLSupport/UnityEditor.WebGL.Extensions.dll
Register platform support module: E:/CreateArt/UnityEditor/2020.3.33f1/Editor/Data/PlaybackEngines/WindowsStandaloneSupport/UnityEditor.WindowsStandalone.Extensions.dll
Registered in 0.000869 seconds.
Native extension for WindowsStandalone target not found
Native extension for WebGL target not found
Refreshing native plugins compatible for Editor in 39.45 ms, found 2 plugins.
Preloading 0 native plugins for Editor in 0.00 ms.
Mono: successfully reloaded assembly
- Completed reload, in  0.439 seconds
Domain Reload Profiling:
	ReloadAssembly (439ms)
		BeginReloadAssembly (43ms)
			ExecutionOrderSort (0ms)
			DisableScriptedObjects (0ms)
			BackupInstance (0ms)
			ReleaseScriptingObjects (0ms)
			CreateAndSetChildDomain (1ms)
		EndReloadAssembly (346ms)
			LoadAssemblies (43ms)
			RebuildTransferFunctionScriptingTraits (0ms)
			SetupTypeCache (112ms)
			ReleaseScriptCaches (0ms)
			RebuildScriptCaches (22ms)
			SetupLoadedEditorAssemblies (138ms)
				LogAssemblyErrors (0ms)
				InitializePlatformSupportModulesInManaged (4ms)
				SetLoadedEditorAssemblies (0ms)
				RefreshPlugins (40ms)
				BeforeProcessingInitializeOnLoad (11ms)
				ProcessInitializeOnLoadAttributes (63ms)
				ProcessInitializeOnLoadMethodAttributes (21ms)
				AfterProcessingInitializeOnLoad (0ms)
				EditorAssembliesLoaded (0ms)
			ExecutionOrderSort2 (0ms)
			AwakeInstancesAfterBackupRestoration (0ms)
Platform modules already initialized, skipping
Registering precompiled user dll's ...
Registered in 0.002199 seconds.
Begin MonoManager ReloadAssembly
Symbol file LoadedFromMemory doesn't match image D:\Projects\Rosedale-Medical-Centre\Rosedale-Interaction\Library\PackageCache\com.unity.collab-proxy@1.15.15\Lib\Editor\PlasticSCM\unityplastic.dll
Native extension for WindowsStandalone target not found
Native extension for WebGL target not found
Refreshing native plugins compatible for Editor in 39.48 ms, found 2 plugins.
Preloading 0 native plugins for Editor in 0.00 ms.
Mono: successfully reloaded assembly
- Completed reload, in  0.833 seconds
Domain Reload Profiling:
	ReloadAssembly (833ms)
		BeginReloadAssembly (111ms)
			ExecutionOrderSort (0ms)
			DisableScriptedObjects (4ms)
			BackupInstance (0ms)
			ReleaseScriptingObjects (0ms)
			CreateAndSetChildDomain (13ms)
		EndReloadAssembly (681ms)
			LoadAssemblies (71ms)
			RebuildTransferFunctionScriptingTraits (0ms)
			SetupTypeCache (227ms)
			ReleaseScriptCaches (0ms)
			RebuildScriptCaches (38ms)
			SetupLoadedEditorAssemblies (258ms)
				LogAssemblyErrors (0ms)
				InitializePlatformSupportModulesInManaged (3ms)
				SetLoadedEditorAssemblies (0ms)
				RefreshPlugins (40ms)
				BeforeProcessingInitializeOnLoad (63ms)
				ProcessInitializeOnLoadAttributes (143ms)
				ProcessInitializeOnLoadMethodAttributes (7ms)
				AfterProcessingInitializeOnLoad (2ms)
				EditorAssembliesLoaded (0ms)
			ExecutionOrderSort2 (0ms)
			AwakeInstancesAfterBackupRestoration (5ms)
Platform modules already initialized, skipping
========================================================================
Worker process is ready to serve import requests
Launched and connected shader compiler UnityShaderCompiler.exe after 0.20 seconds
Refreshing native plugins compatible for Editor in 0.40 ms, found 2 plugins.
Preloading 0 native plugins for Editor in 0.00 ms.
Unloading 2816 Unused Serialized files (Serialized files now loaded: 0)
System memory in use before: 127.7 MB.
System memory in use after: 127.9 MB.

Unloading 17 unused Assets to reduce memory usage. Loaded Objects now: 3252.
Total: 2.326000 ms (FindLiveObjects: 0.159100 ms CreateObjectMapping: 0.100600 ms MarkObjects: 2.015100 ms  DeleteObjects: 0.050900 ms)

AssetImportParameters requested are different than current active one (requested -> active):
  custom:framework-win-MediaFoundation: 216162199b28c13a410421893ffa2e32 -> 
  custom:video-decoder-ogg-theora: a1e56fd34408186e4bbccfd4996cb3dc -> 
  custom:container-muxer-webm: aa71ff27fc2769a1b78a27578f13a17b -> 
  custom:container-demuxer-webm: 4f35f7cbe854078d1ac9338744f61a02 -> 
  custom:container-demuxer-ogg: 62fdf1f143b41e24485cea50d1cbac27 -> 
  custom:video-encoder-webm-vp8: eb34c28f22e8b96e1ab97ce403110664 -> 
  custom:video-codec-MediaFoundation-h265: e54d7ab0439102e2317fc1e4b246158d -> 
  custom:video-decoder-webm-vp8: 9c59270c3fd7afecdb556c50c9e8de78 -> 
  custom:audio-decoder-ogg-vorbis: bf7c407c2cedff20999df2af8eb42d56 -> 
  custom:audio-encoder-webm-vorbis: bf7c407c2cedff20999df2af8eb42d56 -> 
========================================================================
Received Import Request.
  path: Assets/Scenes
  artifactKey: Guid(0a66933a381a67746bc8bff262d0d6a7) Importer(815301076,1909f56bfc062723c751e8b465ee728b)
Start importing Assets/Scenes using Guid(0a66933a381a67746bc8bff262d0d6a7) Importer(815301076,1909f56bfc062723c751e8b465ee728b)  -> (artifact id: '352aed7e843a1aa665a602ece9183a60') in 0.006610 seconds 
========================================================================
Received Import Request.
  Time since last request: 4.956375 seconds.
  path: Assets/Models
  artifactKey: Guid(035467f22b18f6b409e66886a57b65c4) Importer(815301076,1909f56bfc062723c751e8b465ee728b)
Start importing Assets/Models using Guid(035467f22b18f6b409e66886a57b65c4) Importer(815301076,1909f56bfc062723c751e8b465ee728b)  -> (artifact id: '255145f6bdda82d242ccc0d4bbafaabd') in 0.004418 seconds 
========================================================================
Received Import Request.
  Time since last request: 42.859879 seconds.
  path: Assets/Models/obj.obj
  artifactKey: Guid(bab78508bd63e0c4cab3f942e6f08d38) Importer(815301076,1909f56bfc062723c751e8b465ee728b)
Start importing Assets/Models/obj.obj using Guid(bab78508bd63e0c4cab3f942e6f08d38) Importer(815301076,1909f56bfc062723c751e8b465ee728b)  -> (artifact id: '0c639821453e7a42ac065a92fc4821e8') in 0.122126 seconds 
========================================================================
Received Import Request.
  Time since last request: 161.710976 seconds.
  path: Assets/Models/Clinic.fbx
  artifactKey: Guid(19ab009c3d389b44aabf3711c602913c) Importer(815301076,1909f56bfc062723c751e8b465ee728b)
Start importing Assets/Models/Clinic.fbx using Guid(19ab009c3d389b44aabf3711c602913c) Importer(815301076,1909f56bfc062723c751e8b465ee728b)  -> (artifact id: '68235c4adb2d07629efddf784f4a9ea5') in 1.306041 seconds 
========================================================================
Received Import Request.
  Time since last request: 42.684921 seconds.
  path: Assets/Scenes/Clinic.unity
  artifactKey: Guid(1c53d0c6e5371bf40bd86b48c7f2ec76) Importer(815301076,1909f56bfc062723c751e8b465ee728b)
Start importing Assets/Scenes/Clinic.unity using Guid(1c53d0c6e5371bf40bd86b48c7f2ec76) Importer(815301076,1909f56bfc062723c751e8b465ee728b)  -> (artifact id: 'c8ef6c7e15ae70c62a4de1bafc328523') in 0.005239 seconds 
========================================================================
Received Import Request.
  Time since last request: 1329.575223 seconds.
  path: Assets/Models/SubTool-0-7412864.OBJ
  artifactKey: Guid(178f78710ff6f644fac23f3193a98102) Importer(815301076,1909f56bfc062723c751e8b465ee728b)
Start importing Assets/Models/SubTool-0-7412864.OBJ using Guid(178f78710ff6f644fac23f3193a98102) Importer(815301076,1909f56bfc062723c751e8b465ee728b)  -> (artifact id: '1dc49b764514dce0b6d2143a70878a70') in 0.239380 seconds 
========================================================================
Received Import Request.
  Time since last request: 46.144309 seconds.
  path: Assets/Models/SubTool-0-7412864.mtl
  artifactKey: Guid(0b0f46b72ce405c4c8c48e349b130f0a) Importer(815301076,1909f56bfc062723c751e8b465ee728b)
Start importing Assets/Models/SubTool-0-7412864.mtl using Guid(0b0f46b72ce405c4c8c48e349b130f0a) Importer(815301076,1909f56bfc062723c751e8b465ee728b)  -> (artifact id: '881e03ec6f6f5042eaac61dd81146eb2') in 0.005611 seconds 
========================================================================
Received Import Request.
  Time since last request: 1367.476048 seconds.
  path: Assets/Models/scene.gltf
  artifactKey: Guid(c3ef99c73a0cec74fabe55ea1bba3bf2) Importer(815301076,1909f56bfc062723c751e8b465ee728b)
Start importing Assets/Models/scene.gltf using Guid(c3ef99c73a0cec74fabe55ea1bba3bf2) Importer(815301076,1909f56bfc062723c751e8b465ee728b)  -> (artifact id: 'af69936a96ec10ceab2bd1fb09fad106') in 0.007156 seconds 
========================================================================
Received Prepare
Registering precompiled user dll's ...
Registered in 0.002743 seconds.
Begin MonoManager ReloadAssembly
Symbol file LoadedFromMemory doesn't match image D:\Projects\Rosedale-Medical-Centre\Rosedale-Interaction\Library\PackageCache\com.unity.collab-proxy@1.15.15\Lib\Editor\PlasticSCM\unityplastic.dll
Native extension for WindowsStandalone target not found
Native extension for WebGL target not found
Refreshing native plugins compatible for Editor in 0.54 ms, found 2 plugins.
Preloading 0 native plugins for Editor in 0.00 ms.
Mono: successfully reloaded assembly
- Completed reload, in  0.922 seconds
Domain Reload Profiling:
	ReloadAssembly (923ms)
		BeginReloadAssembly (191ms)
			ExecutionOrderSort (0ms)
			DisableScriptedObjects (16ms)
			BackupInstance (0ms)
			ReleaseScriptingObjects (0ms)
			CreateAndSetChildDomain (87ms)
		EndReloadAssembly (685ms)
			LoadAssemblies (84ms)
			RebuildTransferFunctionScriptingTraits (0ms)
			SetupTypeCache (252ms)
			ReleaseScriptCaches (1ms)
			RebuildScriptCaches (33ms)
			SetupLoadedEditorAssemblies (223ms)
				LogAssemblyErrors (0ms)
				InitializePlatformSupportModulesInManaged (3ms)
				SetLoadedEditorAssemblies (0ms)
				RefreshPlugins (1ms)
				BeforeProcessingInitializeOnLoad (63ms)
				ProcessInitializeOnLoadAttributes (147ms)
				ProcessInitializeOnLoadMethodAttributes (7ms)
				AfterProcessingInitializeOnLoad (2ms)
				EditorAssembliesLoaded (0ms)
			ExecutionOrderSort2 (0ms)
			AwakeInstancesAfterBackupRestoration (14ms)
Platform modules already initialized, skipping
Refreshing native plugins compatible for Editor in 0.50 ms, found 2 plugins.
Preloading 0 native plugins for Editor in 0.00 ms.
Unloading 2833 Unused Serialized files (Serialized files now loaded: 0)
System memory in use before: 134.1 MB.
System memory in use after: 131.6 MB.

Unloading 25 unused Assets to reduce memory usage. Loaded Objects now: 3452.
Total: 3.704300 ms (FindLiveObjects: 0.172000 ms CreateObjectMapping: 0.096600 ms MarkObjects: 2.297900 ms  DeleteObjects: 1.137300 ms)

AssetImportParameters requested are different than current active one (requested -> active):
  custom:framework-win-MediaFoundation: 216162199b28c13a410421893ffa2e32 -> 
  custom:video-decoder-ogg-theora: a1e56fd34408186e4bbccfd4996cb3dc -> 
  custom:container-muxer-webm: aa71ff27fc2769a1b78a27578f13a17b -> 
  custom:container-demuxer-webm: 4f35f7cbe854078d1ac9338744f61a02 -> 
  custom:container-demuxer-ogg: 62fdf1f143b41e24485cea50d1cbac27 -> 
  custom:video-encoder-webm-vp8: eb34c28f22e8b96e1ab97ce403110664 -> 
  custom:video-codec-MediaFoundation-h265: e54d7ab0439102e2317fc1e4b246158d -> 
  custom:video-decoder-webm-vp8: 9c59270c3fd7afecdb556c50c9e8de78 -> 
  custom:audio-decoder-ogg-vorbis: bf7c407c2cedff20999df2af8eb42d56 -> 
  custom:audio-encoder-webm-vorbis: bf7c407c2cedff20999df2af8eb42d56 -> 
========================================================================
Received Import Request.
  Time since last request: 156.435954 seconds.
  path: Assets/Piglet/Piglet.asmdef
  artifactKey: Guid(b47e40ab5d617e24989e362542a01644) Importer(815301076,1909f56bfc062723c751e8b465ee728b)
Start importing Assets/Piglet/Piglet.asmdef using Guid(b47e40ab5d617e24989e362542a01644) Importer(815301076,1909f56bfc062723c751e8b465ee728b)  -> (artifact id: '2f9ac7f0e07903fa101e897a3e750d6d') in 0.032349 seconds 
========================================================================
Received Import Request.
  Time since last request: 4.091808 seconds.
  path: Assets/Materials/Skybox_Mat.mat
  artifactKey: Guid(0ffaa0b7117ba8c47a9d05ae701d4b4d) Importer(815301076,1909f56bfc062723c751e8b465ee728b)
Start importing Assets/Materials/Skybox_Mat.mat using Guid(0ffaa0b7117ba8c47a9d05ae701d4b4d) Importer(815301076,1909f56bfc062723c751e8b465ee728b)  -> (artifact id: '4d54ab3375f41efad00566dcae11def2') in 0.149194 seconds 
========================================================================
Received Import Request.
  Time since last request: 115.391680 seconds.
  path: Assets/Piglet/Extras
  artifactKey: Guid(a1b7f0824925c154987121407cae99be) Importer(815301076,1909f56bfc062723c751e8b465ee728b)
Start importing Assets/Piglet/Extras using Guid(a1b7f0824925c154987121407cae99be) Importer(815301076,1909f56bfc062723c751e8b465ee728b)  -> (artifact id: 'f07442bc327fc374229f7ddcc5a669b6') in 0.004891 seconds 
========================================================================
Received Import Request.
  Time since last request: 1.376626 seconds.
  path: Assets/Piglet/Extras/URP-Shaders-2019.3.unitypackage
  artifactKey: Guid(ec8845816eab8f849bfa6f23026cb07e) Importer(815301076,1909f56bfc062723c751e8b465ee728b)
Start importing Assets/Piglet/Extras/URP-Shaders-2019.3.unitypackage using Guid(ec8845816eab8f849bfa6f23026cb07e) Importer(815301076,1909f56bfc062723c751e8b465ee728b)  -> (artifact id: '4d24994088d6925bf34aa03373aa05f6') in 0.006441 seconds 
========================================================================
Received Import Request.
  Time since last request: 4.261480 seconds.
  path: Assets/Piglet/Extras/URP-Shaders-2020.2.unitypackage
  artifactKey: Guid(2ba8ef0bb868f594096f5491ea111663) Importer(815301076,1909f56bfc062723c751e8b465ee728b)
Start importing Assets/Piglet/Extras/URP-Shaders-2020.2.unitypackage using Guid(2ba8ef0bb868f594096f5491ea111663) Importer(815301076,1909f56bfc062723c751e8b465ee728b)  -> (artifact id: 'a23e2f74d9ee28253a52cbe74b1976f5') in 0.004820 seconds 
========================================================================
Received Import Request.
  Time since last request: 13.177922 seconds.
  path: Assets/Models/scene/scene.prefab
  artifactKey: Guid(7ac9d8cd1e9c8e145a8af5935e1a766b) Importer(815301076,1909f56bfc062723c751e8b465ee728b)
Start importing Assets/Models/scene/scene.prefab using Guid(7ac9d8cd1e9c8e145a8af5935e1a766b) Importer(815301076,1909f56bfc062723c751e8b465ee728b)  -> (artifact id: '3351a4b5a9c074689b835f8306bae83d') in 2.122702 seconds 
========================================================================
Received Import Request.
  Time since last request: 27.572508 seconds.
  path: Assets/Models/Heart/Heart.prefab
  artifactKey: Guid(7ac9d8cd1e9c8e145a8af5935e1a766b) Importer(815301076,1909f56bfc062723c751e8b465ee728b)
Start importing Assets/Models/Heart/Heart.prefab using Guid(7ac9d8cd1e9c8e145a8af5935e1a766b) Importer(815301076,1909f56bfc062723c751e8b465ee728b)  -> (artifact id: '9a08d75c96d37f04eb2de2fb22e5aad9') in 1.981109 seconds 
========================================================================
Received Import Request.
  Time since last request: 146.502556 seconds.
  path: Assets/ExampleAssets/Materials/Stud_Mat.mat
  artifactKey: Guid(027cb3d3d7dc79d41ad763e01759de07) Importer(815301076,1909f56bfc062723c751e8b465ee728b)
Start importing Assets/ExampleAssets/Materials/Stud_Mat.mat using Guid(027cb3d3d7dc79d41ad763e01759de07) Importer(815301076,1909f56bfc062723c751e8b465ee728b)  -> (artifact id: '2fa2aecd2a25a8d8aaf6cdad1b5a242e') in 0.240908 seconds 
========================================================================
Received Import Request.
  Time since last request: 6.893340 seconds.
  path: Assets/ExampleAssets/Materials/Plastic_Yellow_Mat.mat
  artifactKey: Guid(bd2d742ee2ce7a740ae0cf992a38be74) Importer(815301076,1909f56bfc062723c751e8b465ee728b)
Start importing Assets/ExampleAssets/Materials/Plastic_Yellow_Mat.mat using Guid(bd2d742ee2ce7a740ae0cf992a38be74) Importer(815301076,1909f56bfc062723c751e8b465ee728b)  -> (artifact id: 'b4a82a5da02497828fc2c902b30e60d5') in 0.196743 seconds 
========================================================================
Received Import Request.
  Time since last request: 0.000150 seconds.
  path: Assets/ExampleAssets/Materials/Strap_Mat.mat
  artifactKey: Guid(81c1860e7800e5340bf8a54c565ba9ea) Importer(815301076,1909f56bfc062723c751e8b465ee728b)
Start importing Assets/ExampleAssets/Materials/Strap_Mat.mat using Guid(81c1860e7800e5340bf8a54c565ba9ea) Importer(815301076,1909f56bfc062723c751e8b465ee728b)  -> (artifact id: 'a542234631127ea0c107d7d268657760') in 0.010891 seconds 
========================================================================
Received Import Request.
  Time since last request: 0.000176 seconds.
  path: Assets/ExampleAssets/Models/safetygoggles_low.fbx
  artifactKey: Guid(6296e48663fd7ad46b1a2af507f871cf) Importer(815301076,1909f56bfc062723c751e8b465ee728b)
Start importing Assets/ExampleAssets/Models/safetygoggles_low.fbx using Guid(6296e48663fd7ad46b1a2af507f871cf) Importer(815301076,1909f56bfc062723c751e8b465ee728b)  -> (artifact id: '4ae8946a3f99a923f7803907a8c27ead') in 0.215405 seconds 
========================================================================
Received Import Request.
  Time since last request: 0.000215 seconds.
  path: Assets/ExampleAssets/Models/Workbench.fbx
  artifactKey: Guid(efe9381559c516743bd05cef82f39ebb) Importer(815301076,1909f56bfc062723c751e8b465ee728b)
Start importing Assets/ExampleAssets/Models/Workbench.fbx using Guid(efe9381559c516743bd05cef82f39ebb) Importer(815301076,1909f56bfc062723c751e8b465ee728b)  -> (artifact id: '9763579b58169ef327fd8d483de42484') in 0.074281 seconds 
========================================================================
Received Import Request.
  Time since last request: 0.000229 seconds.
  path: Assets/ExampleAssets/Models/magneticlevel_low.fbx
  artifactKey: Guid(bae110eee250e4b418b188f4ae4e3170) Importer(815301076,1909f56bfc062723c751e8b465ee728b)
Start importing Assets/ExampleAssets/Models/magneticlevel_low.fbx using Guid(bae110eee250e4b418b188f4ae4e3170) Importer(815301076,1909f56bfc062723c751e8b465ee728b)  -> (artifact id: 'b7daa638a4f61892d85b4e50fee1e849') in 0.037553 seconds 
========================================================================
Received Import Request.
  Time since last request: 0.000183 seconds.
  path: Assets/ExampleAssets/Models/paintbucket_low.fbx
  artifactKey: Guid(b451a052397f03c4f8a04d915d1c0492) Importer(815301076,1909f56bfc062723c751e8b465ee728b)
Start importing Assets/ExampleAssets/Models/paintbucket_low.fbx using Guid(b451a052397f03c4f8a04d915d1c0492) Importer(815301076,1909f56bfc062723c751e8b465ee728b)  -> (artifact id: '3fb120b6ed1c9690f3c18633a9ae2dd0') in 0.048864 seconds 
========================================================================
Received Import Request.
  Time since last request: 0.000133 seconds.
  path: Assets/ExampleAssets/Materials/Plastic_Rough_Mat.mat
  artifactKey: Guid(a5aaee4111611af43b5abbff184fe5fa) Importer(815301076,1909f56bfc062723c751e8b465ee728b)
Start importing Assets/ExampleAssets/Materials/Plastic_Rough_Mat.mat using Guid(a5aaee4111611af43b5abbff184fe5fa) Importer(815301076,1909f56bfc062723c751e8b465ee728b)  -> (artifact id: 'fe4d08b544b44bbbf01fdafd95ff430a') in 0.010986 seconds 
========================================================================
Received Import Request.
  Time since last request: 0.000143 seconds.
  path: Assets/ExampleAssets/Materials/Plastic_Transparent.mat
  artifactKey: Guid(8a38b7350df9a9c438e568993a00e5c5) Importer(815301076,1909f56bfc062723c751e8b465ee728b)
Start importing Assets/ExampleAssets/Materials/Plastic_Transparent.mat using Guid(8a38b7350df9a9c438e568993a00e5c5) Importer(815301076,1909f56bfc062723c751e8b465ee728b)  -> (artifact id: 'aa88e47cc5ed2495feca365ac46df73c') in 0.008610 seconds 
========================================================================
Received Import Request.
  Time since last request: 0.000270 seconds.
  path: Assets/ExampleAssets/Materials/Plastic_Ridges_Mat.mat
  artifactKey: Guid(c05de7c865075334786e6a47a543af72) Importer(815301076,1909f56bfc062723c751e8b465ee728b)
Start importing Assets/ExampleAssets/Materials/Plastic_Ridges_Mat.mat using Guid(c05de7c865075334786e6a47a543af72) Importer(815301076,1909f56bfc062723c751e8b465ee728b)  -> (artifact id: '867bca899d157f77d37634eafef9f1aa') in 0.009908 seconds 
========================================================================
Received Import Request.
  Time since last request: 0.000171 seconds.
  path: Assets/ExampleAssets/Materials/Plastic_White_Mat.mat
  artifactKey: Guid(6cfe423139c361a459da7ed9831d4b1c) Importer(815301076,1909f56bfc062723c751e8b465ee728b)
Start importing Assets/ExampleAssets/Materials/Plastic_White_Mat.mat using Guid(6cfe423139c361a459da7ed9831d4b1c) Importer(815301076,1909f56bfc062723c751e8b465ee728b)  -> (artifact id: '7270cf5fe7035eb4043b23a71cdca86e') in 0.014509 seconds 
========================================================================
Received Import Request.
  Time since last request: 0.000193 seconds.
  path: Assets/ExampleAssets/Models/Workbench_Low.fbx
  artifactKey: Guid(ff6dc36862fe41641bb21568d92147c9) Importer(815301076,1909f56bfc062723c751e8b465ee728b)
Start importing Assets/ExampleAssets/Models/Workbench_Low.fbx using Guid(ff6dc36862fe41641bb21568d92147c9) Importer(815301076,1909f56bfc062723c751e8b465ee728b)  -> (artifact id: '5f99d08570cdde3afaf55ae1a8262d9b') in 0.066061 seconds 
========================================================================
Received Import Request.
  Time since last request: 0.000188 seconds.
  path: Assets/ExampleAssets/Models/safetyhat_low.fbx
  artifactKey: Guid(9d0d902f71acfe646a46cb625f815a49) Importer(815301076,1909f56bfc062723c751e8b465ee728b)
Start importing Assets/ExampleAssets/Models/safetyhat_low.fbx using Guid(9d0d902f71acfe646a46cb625f815a49) Importer(815301076,1909f56bfc062723c751e8b465ee728b)  -> (artifact id: '5935c6193b6a59e066fce2003b46692c') in 0.019134 seconds 
========================================================================
Received Import Request.
  Time since last request: 0.371052 seconds.
  path: Assets/ExampleAssets/Materials/Plastic_Black_Mat.mat
  artifactKey: Guid(e745492728544aa488aa0429b6068e71) Importer(815301076,1909f56bfc062723c751e8b465ee728b)
Start importing Assets/ExampleAssets/Materials/Plastic_Black_Mat.mat using Guid(e745492728544aa488aa0429b6068e71) Importer(815301076,1909f56bfc062723c751e8b465ee728b)  -> (artifact id: '9ec41258e50d7b0724bce6a1b02e69ab') in 0.013010 seconds 
========================================================================
Received Import Request.
  Time since last request: 0.000189 seconds.
  path: Assets/ExampleAssets/Materials/Plastic_Gray_Mat.mat
  artifactKey: Guid(4dad30bbe2213eb4d8312f7bb6190866) Importer(815301076,1909f56bfc062723c751e8b465ee728b)
Start importing Assets/ExampleAssets/Materials/Plastic_Gray_Mat.mat using Guid(4dad30bbe2213eb4d8312f7bb6190866) Importer(815301076,1909f56bfc062723c751e8b465ee728b)  -> (artifact id: '54ab71af590679b32677dc30ed226a51') in 0.010353 seconds 
========================================================================
Received Import Request.
  Time since last request: 0.026424 seconds.
  path: Assets/ExampleAssets/Materials/PaintBrush_Mat.mat
  artifactKey: Guid(539165557a9d3744680bb21164bea45e) Importer(815301076,1909f56bfc062723c751e8b465ee728b)
Start importing Assets/ExampleAssets/Materials/PaintBrush_Mat.mat using Guid(539165557a9d3744680bb21164bea45e) Importer(815301076,1909f56bfc062723c751e8b465ee728b)  -> (artifact id: '94f8432233d9ceec849c9f270325d606') in 0.014822 seconds 
========================================================================
Received Import Request.
  Time since last request: 0.000185 seconds.
  path: Assets/ExampleAssets/Models/brush_low.fbx
  artifactKey: Guid(aed8c47425ab91f4eb06ce6fe47c3e4e) Importer(815301076,1909f56bfc062723c751e8b465ee728b)
Start importing Assets/ExampleAssets/Models/brush_low.fbx using Guid(aed8c47425ab91f4eb06ce6fe47c3e4e) Importer(815301076,1909f56bfc062723c751e8b465ee728b)  -> (artifact id: 'c18e34d5cecb063df3199f70748c6b4b') in 0.131024 seconds 
========================================================================
Received Import Request.
  Time since last request: 0.000181 seconds.
  path: Assets/ExampleAssets/Models/hammer_low.fbx
  artifactKey: Guid(68a66fb5a71f8204a8dcb613c97d1fa8) Importer(815301076,1909f56bfc062723c751e8b465ee728b)
Start importing Assets/ExampleAssets/Models/hammer_low.fbx using Guid(68a66fb5a71f8204a8dcb613c97d1fa8) Importer(815301076,1909f56bfc062723c751e8b465ee728b)  -> (artifact id: 'a0098d2334523c92cc3d702ca4ee63b2') in 0.019876 seconds 
========================================================================
Received Import Request.
  Time since last request: 0.000139 seconds.
  path: Assets/ExampleAssets/Materials/DryWall_Mat.mat
  artifactKey: Guid(a68228c24abfa2f4b8954d7b0148f799) Importer(815301076,1909f56bfc062723c751e8b465ee728b)
Start importing Assets/ExampleAssets/Materials/DryWall_Mat.mat using Guid(a68228c24abfa2f4b8954d7b0148f799) Importer(815301076,1909f56bfc062723c751e8b465ee728b)  -> (artifact id: '6b1d94bab502ca3021b8842519c6e122') in 0.010336 seconds 
========================================================================
Received Import Request.
  Time since last request: 0.000197 seconds.
  path: Assets/ExampleAssets/Materials/ConstructionLight_Mat.mat
  artifactKey: Guid(49076442eeb7e054b8e8869f8b40656d) Importer(815301076,1909f56bfc062723c751e8b465ee728b)
Start importing Assets/ExampleAssets/Materials/ConstructionLight_Mat.mat using Guid(49076442eeb7e054b8e8869f8b40656d) Importer(815301076,1909f56bfc062723c751e8b465ee728b)  -> (artifact id: '057c629e9591e646e979d0fd0d9eba29') in 0.199478 seconds 
========================================================================
Received Import Request.
  Time since last request: 0.000237 seconds.
  path: Assets/ExampleAssets/Models/Stud.fbx
  artifactKey: Guid(34624edaccd9d704a95ed404d919b492) Importer(815301076,1909f56bfc062723c751e8b465ee728b)
Start importing Assets/ExampleAssets/Models/Stud.fbx using Guid(34624edaccd9d704a95ed404d919b492) Importer(815301076,1909f56bfc062723c751e8b465ee728b)  -> (artifact id: 'fb17f227481600cbf7b05869a1581d00') in 0.030065 seconds 
========================================================================
Received Import Request.
  Time since last request: 0.000188 seconds.
  path: Assets/ExampleAssets/Materials/Ground_Mat.mat
  artifactKey: Guid(d92ef32394b5f474385d74b565a7bdd7) Importer(815301076,1909f56bfc062723c751e8b465ee728b)
Start importing Assets/ExampleAssets/Materials/Ground_Mat.mat using Guid(d92ef32394b5f474385d74b565a7bdd7) Importer(815301076,1909f56bfc062723c751e8b465ee728b)  -> (artifact id: '464ecfb875d680da63be4f88529f4394') in 0.010186 seconds 
========================================================================
Received Import Request.
  Time since last request: 0.000223 seconds.
  path: Assets/ExampleAssets/Materials/Metal_Simple_Mat.mat
  artifactKey: Guid(a0427cf339e5891468d5f2b433b2d44a) Importer(815301076,1909f56bfc062723c751e8b465ee728b)
Start importing Assets/ExampleAssets/Materials/Metal_Simple_Mat.mat using Guid(a0427cf339e5891468d5f2b433b2d44a) Importer(815301076,1909f56bfc062723c751e8b465ee728b)  -> (artifact id: 'ed8fef95f5cf1ab691e96a9fc0590164') in 0.201445 seconds 
========================================================================
Received Import Request.
  Time since last request: 0.000212 seconds.
  path: Assets/ExampleAssets/Models/jigsaw_low.fbx
  artifactKey: Guid(8b73e8872ca76104bbca4ee2b704a1b4) Importer(815301076,1909f56bfc062723c751e8b465ee728b)
Start importing Assets/ExampleAssets/Models/jigsaw_low.fbx using Guid(8b73e8872ca76104bbca4ee2b704a1b4) Importer(815301076,1909f56bfc062723c751e8b465ee728b)  -> (artifact id: 'eb03c15b43aeb21cf68e8185aa0eaf5b') in 0.018148 seconds 
========================================================================
Received Import Request.
  Time since last request: 0.000224 seconds.
  path: Assets/ExampleAssets/Materials/Jigsaw_Mat.mat
  artifactKey: Guid(801db2d997a562b4ea333aa4593ce0f0) Importer(815301076,1909f56bfc062723c751e8b465ee728b)
Start importing Assets/ExampleAssets/Materials/Jigsaw_Mat.mat using Guid(801db2d997a562b4ea333aa4593ce0f0) Importer(815301076,1909f56bfc062723c751e8b465ee728b)  -> (artifact id: '8c2c3e8b482bfe7692597efc101f542e') in 0.010710 seconds 
========================================================================
Received Import Request.
  Time since last request: 0.000207 seconds.
  path: Assets/ExampleAssets/Materials/Hammer_Mat.mat
  artifactKey: Guid(4efcffd7ae23f1e41943fd914b18da10) Importer(815301076,1909f56bfc062723c751e8b465ee728b)
Start importing Assets/ExampleAssets/Materials/Hammer_Mat.mat using Guid(4efcffd7ae23f1e41943fd914b18da10) Importer(815301076,1909f56bfc062723c751e8b465ee728b)  -> (artifact id: 'e35e9c0d8e130d6ff509af1a613494d7') in 0.012679 seconds 
========================================================================
Received Import Request.
  Time since last request: 0.000170 seconds.
  path: Assets/ExampleAssets/Models/Workshop_Set.fbx
  artifactKey: Guid(47616bd0cda748d4cbedcfc908506b9d) Importer(815301076,1909f56bfc062723c751e8b465ee728b)
Start importing Assets/ExampleAssets/Models/Workshop_Set.fbx using Guid(47616bd0cda748d4cbedcfc908506b9d) Importer(815301076,1909f56bfc062723c751e8b465ee728b)  -> (artifact id: 'e07793a4d2b03e0e09167bfceb24a94b') in 0.060393 seconds 
========================================================================
Received Import Request.
  Time since last request: 0.000178 seconds.
  path: Assets/ExampleAssets/Materials/PaintLabel_Mat.mat
  artifactKey: Guid(3da4aad06945bbf4baf801c2aacbc01e) Importer(815301076,1909f56bfc062723c751e8b465ee728b)
Start importing Assets/ExampleAssets/Materials/PaintLabel_Mat.mat using Guid(3da4aad06945bbf4baf801c2aacbc01e) Importer(815301076,1909f56bfc062723c751e8b465ee728b)  -> (artifact id: '8c36a7279f016c98e6c23d7bc391d33c') in 0.189558 seconds 
========================================================================
Received Import Request.
  Time since last request: 0.000234 seconds.
  path: Assets/ExampleAssets/Models/ConstructionLight_Low.fbx
  artifactKey: Guid(e3ae06a3979f53046aa05330d69de1fa) Importer(815301076,1909f56bfc062723c751e8b465ee728b)
Start importing Assets/ExampleAssets/Models/ConstructionLight_Low.fbx using Guid(e3ae06a3979f53046aa05330d69de1fa) Importer(815301076,1909f56bfc062723c751e8b465ee728b)  -> (artifact id: 'e4a2c8f0d419b6815d33015760064b16') in 0.040103 seconds 
========================================================================
Received Import Request.
  Time since last request: 0.000222 seconds.
  path: Assets/Models/Heart/Materials/defaultMat.mat
  artifactKey: Guid(42bddee62c72e05458f98c90e97ef03f) Importer(815301076,1909f56bfc062723c751e8b465ee728b)
Start importing Assets/Models/Heart/Materials/defaultMat.mat using Guid(42bddee62c72e05458f98c90e97ef03f) Importer(815301076,1909f56bfc062723c751e8b465ee728b)  -> (artifact id: 'b34eda7d198e9930b634939bcde3695c') in 0.011762 seconds 
========================================================================
Received Import Request.
  Time since last request: 0.000167 seconds.
  path: Assets/ExampleAssets/Materials/LightBulb_Mat.mat
  artifactKey: Guid(ec739259ec61f5d4ba3ed6d34fd802a6) Importer(815301076,1909f56bfc062723c751e8b465ee728b)
Start importing Assets/ExampleAssets/Materials/LightBulb_Mat.mat using Guid(ec739259ec61f5d4ba3ed6d34fd802a6) Importer(815301076,1909f56bfc062723c751e8b465ee728b)  -> (artifact id: '6ed9e64f0d16e62cbd185bf095894f5b') in 0.188843 seconds 
========================================================================
Received Import Request.
  Time since last request: 0.000194 seconds.
  path: Assets/ExampleAssets/Materials/HardHat_Mat.mat
  artifactKey: Guid(e93789f0a5d66df4a81613935579642b) Importer(815301076,1909f56bfc062723c751e8b465ee728b)
Start importing Assets/ExampleAssets/Materials/HardHat_Mat.mat using Guid(e93789f0a5d66df4a81613935579642b) Importer(815301076,1909f56bfc062723c751e8b465ee728b)  -> (artifact id: 'f0451e8e4fc44c0c0ad06b480daab191') in 0.012649 seconds 
========================================================================
Received Import Request.
  Time since last request: 0.000179 seconds.
  path: Assets/ExampleAssets/Materials/DryWallPainted_Mat.mat
  artifactKey: Guid(9b8eadc4de0544646b75ddcc43f8fd06) Importer(815301076,1909f56bfc062723c751e8b465ee728b)
Start importing Assets/ExampleAssets/Materials/DryWallPainted_Mat.mat using Guid(9b8eadc4de0544646b75ddcc43f8fd06) Importer(815301076,1909f56bfc062723c751e8b465ee728b)  -> (artifact id: 'e084f414280b96736064de24338bc225') in 0.010859 seconds 
========================================================================
Received Import Request.
  Time since last request: 0.000158 seconds.
  path: Assets/ExampleAssets/Materials/Paint1G_WAnim_Material.mat
  artifactKey: Guid(55c183dc45153be48a45c4e530127fb3) Importer(815301076,1909f56bfc062723c751e8b465ee728b)
Start importing Assets/ExampleAssets/Materials/Paint1G_WAnim_Material.mat using Guid(55c183dc45153be48a45c4e530127fb3) Importer(815301076,1909f56bfc062723c751e8b465ee728b)  -> (artifact id: '7b31a38aa84ec72b691f75649480a6fe') in 0.288277 seconds 
========================================================================
Received Import Request.
  Time since last request: 0.000132 seconds.
  path: Assets/ExampleAssets/Materials/Metal_Blue_Simple_Mat.mat
  artifactKey: Guid(cd71291c91c8cce499cb663b5db9970e) Importer(815301076,1909f56bfc062723c751e8b465ee728b)
Start importing Assets/ExampleAssets/Materials/Metal_Blue_Simple_Mat.mat using Guid(cd71291c91c8cce499cb663b5db9970e) Importer(815301076,1909f56bfc062723c751e8b465ee728b)  -> (artifact id: '91d0adbd293f6d73553ee1adc198f712') in 0.012109 seconds 
========================================================================
Received Import Request.
  Time since last request: 0.000161 seconds.
  path: Assets/ExampleAssets/Materials/OBS_Mat.mat
  artifactKey: Guid(c438e5c679f1be040a135443008e2fce) Importer(815301076,1909f56bfc062723c751e8b465ee728b)
Start importing Assets/ExampleAssets/Materials/OBS_Mat.mat using Guid(c438e5c679f1be040a135443008e2fce) Importer(815301076,1909f56bfc062723c751e8b465ee728b)  -> (artifact id: 'efd04199af43445cb2cc288251b06194') in 0.012938 seconds 
========================================================================
Received Import Request.
  Time since last request: 0.000177 seconds.
  path: Assets/ExampleAssets/Materials/Liquid_Mat.mat
  artifactKey: Guid(c532880e607f8c84d8b9bf0c46a522ad) Importer(815301076,1909f56bfc062723c751e8b465ee728b)
Start importing Assets/ExampleAssets/Materials/Liquid_Mat.mat using Guid(c532880e607f8c84d8b9bf0c46a522ad) Importer(815301076,1909f56bfc062723c751e8b465ee728b)  -> (artifact id: '3bf9985e948210718225141c8418d287') in 0.011680 seconds 
========================================================================
Received Import Request.
  Time since last request: 0.000211 seconds.
  path: Assets/ExampleAssets/Models/small_plane.fbx
  artifactKey: Guid(aeaee610429f51f44981e141eb2a3545) Importer(815301076,1909f56bfc062723c751e8b465ee728b)
Start importing Assets/ExampleAssets/Models/small_plane.fbx using Guid(aeaee610429f51f44981e141eb2a3545) Importer(815301076,1909f56bfc062723c751e8b465ee728b)  -> (artifact id: 'f21ffefb080f2bc5460e0e031b036c2e') in 0.017676 seconds 
========================================================================
Received Import Request.
  Time since last request: 529.990953 seconds.
  path: Assets/Models/Heart/Meshes
  artifactKey: Guid(f87fbc4727558d6409d798cdc3206d28) Importer(815301076,1909f56bfc062723c751e8b465ee728b)
Start importing Assets/Models/Heart/Meshes using Guid(f87fbc4727558d6409d798cdc3206d28) Importer(815301076,1909f56bfc062723c751e8b465ee728b)  -> (artifact id: 'dcf12e840ab430beeec0d1588f81a747') in 0.004406 seconds 
========================================================================
Received Import Request.
  Time since last request: 0.034360 seconds.
  path: Assets/Models/Heart/Meshes/Object_0.asset
  artifactKey: Guid(657b28b0047014f44a59c6e0d92eb60a) Importer(815301076,1909f56bfc062723c751e8b465ee728b)
Start importing Assets/Models/Heart/Meshes/Object_0.asset using Guid(657b28b0047014f44a59c6e0d92eb60a) Importer(815301076,1909f56bfc062723c751e8b465ee728b)  -> (artifact id: '9bde0736bb2220ba918d9876d0ba4c6c') in 0.013299 seconds 
========================================================================
Received Import Request.
  Time since last request: 0.000237 seconds.
  path: Assets/Models/Heart/Meshes/Object_20.asset
  artifactKey: Guid(02f22b763c454ae4595f1492c833d4ee) Importer(815301076,1909f56bfc062723c751e8b465ee728b)
Start importing Assets/Models/Heart/Meshes/Object_20.asset using Guid(02f22b763c454ae4595f1492c833d4ee) Importer(815301076,1909f56bfc062723c751e8b465ee728b)  -> (artifact id: '9b808c08103149d78e1dbc75764c6a10') in 0.085500 seconds 
========================================================================
Received Import Request.
  Time since last request: 0.000196 seconds.
  path: Assets/Models/Heart/Meshes/Object_34.asset
  artifactKey: Guid(67ead9b0ab79af147a1297fe86091717) Importer(815301076,1909f56bfc062723c751e8b465ee728b)
Start importing Assets/Models/Heart/Meshes/Object_34.asset using Guid(67ead9b0ab79af147a1297fe86091717) Importer(815301076,1909f56bfc062723c751e8b465ee728b)  -> (artifact id: '43d9b016d627c75c1f100d9fa45f1e83') in 0.081328 seconds 
========================================================================
Received Import Request.
  Time since last request: 0.000242 seconds.
  path: Assets/Models/Heart/Meshes/Object_23.asset
  artifactKey: Guid(d01974efe4f746849a8f16c8742549ef) Importer(815301076,1909f56bfc062723c751e8b465ee728b)
Start importing Assets/Models/Heart/Meshes/Object_23.asset using Guid(d01974efe4f746849a8f16c8742549ef) Importer(815301076,1909f56bfc062723c751e8b465ee728b)  -> (artifact id: 'bfa8cb2c794d1e52019e4f14e4827978') in 0.011405 seconds 
========================================================================
Received Import Request.
  Time since last request: 0.000152 seconds.
  path: Assets/Models/Heart/Meshes/Object_4.asset
  artifactKey: Guid(7981ae8079c9a6a48a727cb013154c19) Importer(815301076,1909f56bfc062723c751e8b465ee728b)
Start importing Assets/Models/Heart/Meshes/Object_4.asset using Guid(7981ae8079c9a6a48a727cb013154c19) Importer(815301076,1909f56bfc062723c751e8b465ee728b)  -> (artifact id: '5eb936bd3ba5706dd0611d9a4d43e491') in 0.027920 seconds 
========================================================================
Received Import Request.
  Time since last request: 0.000170 seconds.
  path: Assets/Models/Heart/Meshes/Object_14.asset
  artifactKey: Guid(5ff9b096445d45a40abcf10af2ef8a49) Importer(815301076,1909f56bfc062723c751e8b465ee728b)
Start importing Assets/Models/Heart/Meshes/Object_14.asset using Guid(5ff9b096445d45a40abcf10af2ef8a49) Importer(815301076,1909f56bfc062723c751e8b465ee728b)  -> (artifact id: 'df78a44bc2f40e290911cf2d3374e381') in 0.083467 seconds 
========================================================================
Received Import Request.
  Time since last request: 0.000223 seconds.
  path: Assets/Models/Heart/Meshes/Object_21.asset
  artifactKey: Guid(0626046b461fa46459b1ca4e19733ba4) Importer(815301076,1909f56bfc062723c751e8b465ee728b)
Start importing Assets/Models/Heart/Meshes/Object_21.asset using Guid(0626046b461fa46459b1ca4e19733ba4) Importer(815301076,1909f56bfc062723c751e8b465ee728b)  -> (artifact id: '166371342e96ab7bd83c0e7b1ed736a2') in 0.023943 seconds 
========================================================================
Received Import Request.
  Time since last request: 0.000186 seconds.
  path: Assets/Models/Heart/Meshes/Object_29.asset
  artifactKey: Guid(7526f7e47ced9c4478dc59f883797974) Importer(815301076,1909f56bfc062723c751e8b465ee728b)
Start importing Assets/Models/Heart/Meshes/Object_29.asset using Guid(7526f7e47ced9c4478dc59f883797974) Importer(815301076,1909f56bfc062723c751e8b465ee728b)  -> (artifact id: '6b21b3cb51c7d14f178d115bc3232e12') in 0.116067 seconds 
========================================================================
Received Import Request.
  Time since last request: 0.000156 seconds.
  path: Assets/Models/Heart/Meshes/Object_12.asset
  artifactKey: Guid(393292c143440654095a46a285c55b79) Importer(815301076,1909f56bfc062723c751e8b465ee728b)
Start importing Assets/Models/Heart/Meshes/Object_12.asset using Guid(393292c143440654095a46a285c55b79) Importer(815301076,1909f56bfc062723c751e8b465ee728b)  -> (artifact id: '6dda56b3a42323a2a69752c92153b97d') in 0.083763 seconds 
========================================================================
Received Import Request.
  Time since last request: 0.000233 seconds.
  path: Assets/Models/Heart/Meshes/Object_37.asset
  artifactKey: Guid(a4cdbb1975dbf4e418188ec783a97350) Importer(815301076,1909f56bfc062723c751e8b465ee728b)
Start importing Assets/Models/Heart/Meshes/Object_37.asset using Guid(a4cdbb1975dbf4e418188ec783a97350) Importer(815301076,1909f56bfc062723c751e8b465ee728b)  -> (artifact id: '966a7db0e0f1f62c4b2defdda29cebde') in 0.091694 seconds 
========================================================================
Received Import Request.
  Time since last request: 0.000207 seconds.
  path: Assets/Models/Heart/Meshes/Object_18.asset
  artifactKey: Guid(dea19d11d0f47b843995c2b10010985c) Importer(815301076,1909f56bfc062723c751e8b465ee728b)
Start importing Assets/Models/Heart/Meshes/Object_18.asset using Guid(dea19d11d0f47b843995c2b10010985c) Importer(815301076,1909f56bfc062723c751e8b465ee728b)  -> (artifact id: '9533a7b58e6ea3bc8be6ef837e748f87') in 0.079884 seconds 
========================================================================
Received Import Request.
  Time since last request: 0.000234 seconds.
  path: Assets/Models/Heart/Meshes/Object_22.asset
  artifactKey: Guid(1b775161be2f32545bca17f4f636d73f) Importer(815301076,1909f56bfc062723c751e8b465ee728b)
Start importing Assets/Models/Heart/Meshes/Object_22.asset using Guid(1b775161be2f32545bca17f4f636d73f) Importer(815301076,1909f56bfc062723c751e8b465ee728b)  -> (artifact id: '4ccd28dd052d8c6de1693f851dd9a2f0') in 0.012278 seconds 
========================================================================
Received Import Request.
  Time since last request: 0.000193 seconds.
  path: Assets/Models/Heart/Meshes/Object_24.asset
  artifactKey: Guid(a71470876de06fa42905a6c61812454b) Importer(815301076,1909f56bfc062723c751e8b465ee728b)
Start importing Assets/Models/Heart/Meshes/Object_24.asset using Guid(a71470876de06fa42905a6c61812454b) Importer(815301076,1909f56bfc062723c751e8b465ee728b)  -> (artifact id: '22a0e0d408532cb6c193e3b4d158808b') in 0.082312 seconds 
========================================================================
Received Import Request.
  Time since last request: 0.000148 seconds.
  path: Assets/Models/Heart/Meshes/Object_15.asset
  artifactKey: Guid(45dd5289f47e50a4c83771872eba5e6d) Importer(815301076,1909f56bfc062723c751e8b465ee728b)
Start importing Assets/Models/Heart/Meshes/Object_15.asset using Guid(45dd5289f47e50a4c83771872eba5e6d) Importer(815301076,1909f56bfc062723c751e8b465ee728b)  -> (artifact id: 'e558cf6c095065b2871425cb05066186') in 0.081373 seconds 
========================================================================
Received Import Request.
  Time since last request: 0.000165 seconds.
  path: Assets/Models/Heart/Meshes/Object_30.asset
  artifactKey: Guid(d8394fec76990fb49a87cfc5666b5d8a) Importer(815301076,1909f56bfc062723c751e8b465ee728b)
Start importing Assets/Models/Heart/Meshes/Object_30.asset using Guid(d8394fec76990fb49a87cfc5666b5d8a) Importer(815301076,1909f56bfc062723c751e8b465ee728b)  -> (artifact id: 'be049a4f4dfffb6901f47ac9f9529e24') in 0.016034 seconds 
========================================================================
Received Import Request.
  Time since last request: 0.000167 seconds.
  path: Assets/Models/Heart/Meshes/Object_6.asset
  artifactKey: Guid(2eced4efc6b8ddf41b77b0b4916e3042) Importer(815301076,1909f56bfc062723c751e8b465ee728b)
Start importing Assets/Models/Heart/Meshes/Object_6.asset using Guid(2eced4efc6b8ddf41b77b0b4916e3042) Importer(815301076,1909f56bfc062723c751e8b465ee728b)  -> (artifact id: 'c5639a86d77127b0e207b98fa301f8ac') in 0.080212 seconds 
========================================================================
Received Import Request.
  Time since last request: 0.000156 seconds.
  path: Assets/Models/Heart/Meshes/Object_36.asset
  artifactKey: Guid(69e86fbd8f06a10499bf4c798e3ba245) Importer(815301076,1909f56bfc062723c751e8b465ee728b)
Start importing Assets/Models/Heart/Meshes/Object_36.asset using Guid(69e86fbd8f06a10499bf4c798e3ba245) Importer(815301076,1909f56bfc062723c751e8b465ee728b)  -> (artifact id: '9b73dfd7946a01448324fc1db750abbf') in 0.090399 seconds 
========================================================================
Received Import Request.
  Time since last request: 0.000139 seconds.
  path: Assets/Models/Heart/Meshes/Object_26.asset
  artifactKey: Guid(1b928d67f8cafeb4183b26a0e1ad1ad8) Importer(815301076,1909f56bfc062723c751e8b465ee728b)
Start importing Assets/Models/Heart/Meshes/Object_26.asset using Guid(1b928d67f8cafeb4183b26a0e1ad1ad8) Importer(815301076,1909f56bfc062723c751e8b465ee728b)  -> (artifact id: '17c594f5ccb30bdbb0febd1fb8c15bed') in 0.092708 seconds 
========================================================================
Received Import Request.
  Time since last request: 0.000153 seconds.
  path: Assets/Models/Heart/Meshes/Object_25.asset
  artifactKey: Guid(b9c44ef41b69ce3409d706034ceb4819) Importer(815301076,1909f56bfc062723c751e8b465ee728b)
Start importing Assets/Models/Heart/Meshes/Object_25.asset using Guid(b9c44ef41b69ce3409d706034ceb4819) Importer(815301076,1909f56bfc062723c751e8b465ee728b)  -> (artifact id: 'dcf91df9531ed6f84473c568a6941e95') in 0.071431 seconds 
========================================================================
Received Import Request.
  Time since last request: 0.000215 seconds.
  path: Assets/Models/Heart/Meshes/Object_10.asset
  artifactKey: Guid(08291cccea843a041bca0dcd10df7fd0) Importer(815301076,1909f56bfc062723c751e8b465ee728b)
Start importing Assets/Models/Heart/Meshes/Object_10.asset using Guid(08291cccea843a041bca0dcd10df7fd0) Importer(815301076,1909f56bfc062723c751e8b465ee728b)  -> (artifact id: 'a6130207ab98dd03d836393e84e36457') in 0.023979 seconds 
========================================================================
Received Import Request.
  Time since last request: 0.000228 seconds.
  path: Assets/Models/Heart/Meshes/Object_27.asset
  artifactKey: Guid(b61f58b1675d8764cb1ce6ffca7b66c9) Importer(815301076,1909f56bfc062723c751e8b465ee728b)
Start importing Assets/Models/Heart/Meshes/Object_27.asset using Guid(b61f58b1675d8764cb1ce6ffca7b66c9) Importer(815301076,1909f56bfc062723c751e8b465ee728b)  -> (artifact id: '9a0131f9110206d9dc18ee508a98d605') in 0.082377 seconds 
========================================================================
Received Import Request.
  Time since last request: 0.000201 seconds.
  path: Assets/Models/Heart/Meshes/Object_19.asset
  artifactKey: Guid(ab036ea407abc704a9a89939304629b6) Importer(815301076,1909f56bfc062723c751e8b465ee728b)
Start importing Assets/Models/Heart/Meshes/Object_19.asset using Guid(ab036ea407abc704a9a89939304629b6) Importer(815301076,1909f56bfc062723c751e8b465ee728b)  -> (artifact id: 'd5de8bf53e2e6a6f3ed1818e7d57b92f') in 0.081898 seconds 
========================================================================
Received Import Request.
  Time since last request: 0.000155 seconds.
  path: Assets/Models/Heart/Meshes/Object_13.asset
  artifactKey: Guid(9115c1698ebae5b4cbe528710d2f7175) Importer(815301076,1909f56bfc062723c751e8b465ee728b)
Start importing Assets/Models/Heart/Meshes/Object_13.asset using Guid(9115c1698ebae5b4cbe528710d2f7175) Importer(815301076,1909f56bfc062723c751e8b465ee728b)  -> (artifact id: '46edf765c808253a2d82706df485149b') in 0.030845 seconds 
========================================================================
Received Import Request.
  Time since last request: 0.000184 seconds.
  path: Assets/Models/Heart/Meshes/Object_31.asset
  artifactKey: Guid(75e7cbdffcd8af14390353885b52d882) Importer(815301076,1909f56bfc062723c751e8b465ee728b)
Start importing Assets/Models/Heart/Meshes/Object_31.asset using Guid(75e7cbdffcd8af14390353885b52d882) Importer(815301076,1909f56bfc062723c751e8b465ee728b)  -> (artifact id: 'a3288558e425a20c3331093b10265f7f') in 0.085314 seconds 
========================================================================
Received Import Request.
  Time since last request: 0.000157 seconds.
  path: Assets/Models/Heart/Meshes/Object_9.asset
  artifactKey: Guid(3c6acbfe35f000346906d6a0ea343638) Importer(815301076,1909f56bfc062723c751e8b465ee728b)
Start importing Assets/Models/Heart/Meshes/Object_9.asset using Guid(3c6acbfe35f000346906d6a0ea343638) Importer(815301076,1909f56bfc062723c751e8b465ee728b)  -> (artifact id: 'ebd6bce89b3b3ef2d823e759e606b6c7') in 0.041768 seconds 
========================================================================
Received Import Request.
  Time since last request: 0.000189 seconds.
  path: Assets/Models/Heart/Meshes/Object_7.asset
  artifactKey: Guid(6420e6867d08f8a48945ef107460d789) Importer(815301076,1909f56bfc062723c751e8b465ee728b)
Start importing Assets/Models/Heart/Meshes/Object_7.asset using Guid(6420e6867d08f8a48945ef107460d789) Importer(815301076,1909f56bfc062723c751e8b465ee728b)  -> (artifact id: '1eb96214cea50bba9f7a5ce9c73fca4a') in 0.111138 seconds 
========================================================================
Received Import Request.
  Time since last request: 0.000235 seconds.
  path: Assets/Models/Heart/Meshes/Object_17.asset
  artifactKey: Guid(664e91f4f35a3e8438dee964db3d9bf9) Importer(815301076,1909f56bfc062723c751e8b465ee728b)
Start importing Assets/Models/Heart/Meshes/Object_17.asset using Guid(664e91f4f35a3e8438dee964db3d9bf9) Importer(815301076,1909f56bfc062723c751e8b465ee728b)  -> (artifact id: '6a0ccd09d13eabee44576b03a61978d2') in 0.016584 seconds 
========================================================================
Received Import Request.
  Time since last request: 0.000195 seconds.
  path: Assets/Models/Heart/Meshes/Object_38.asset
  artifactKey: Guid(9f1402b20547cfc4eb2905a1b3efc8ee) Importer(815301076,1909f56bfc062723c751e8b465ee728b)
Start importing Assets/Models/Heart/Meshes/Object_38.asset using Guid(9f1402b20547cfc4eb2905a1b3efc8ee) Importer(815301076,1909f56bfc062723c751e8b465ee728b)  -> (artifact id: '8a7d990a5c91d9082f5eb485fee2a068') in 0.082432 seconds 
========================================================================
Received Import Request.
  Time since last request: 0.000178 seconds.
  path: Assets/Models/Heart/Meshes/Object_3.asset
  artifactKey: Guid(d7bbc03335e9e7e48aece5c80b14f9cc) Importer(815301076,1909f56bfc062723c751e8b465ee728b)
Start importing Assets/Models/Heart/Meshes/Object_3.asset using Guid(d7bbc03335e9e7e48aece5c80b14f9cc) Importer(815301076,1909f56bfc062723c751e8b465ee728b)  -> (artifact id: 'fa7d39bad7235b07afad278d3a7cb79a') in 0.035326 seconds 
========================================================================
Received Import Request.
  Time since last request: 0.000140 seconds.
  path: Assets/Models/Heart/Meshes/Object_16.asset
  artifactKey: Guid(d6aedbc1d7f052f46b0fa6329e8c5b81) Importer(815301076,1909f56bfc062723c751e8b465ee728b)
Start importing Assets/Models/Heart/Meshes/Object_16.asset using Guid(d6aedbc1d7f052f46b0fa6329e8c5b81) Importer(815301076,1909f56bfc062723c751e8b465ee728b)  -> (artifact id: '3e1ef082589b76fce3fe64f13b9a71fe') in 0.115522 seconds 
========================================================================
Received Import Request.
  Time since last request: 0.000217 seconds.
  path: Assets/Models/Heart/Meshes/Object_39.asset
  artifactKey: Guid(14f40d39bf53eee40a254b82227e4e9b) Importer(815301076,1909f56bfc062723c751e8b465ee728b)
Start importing Assets/Models/Heart/Meshes/Object_39.asset using Guid(14f40d39bf53eee40a254b82227e4e9b) Importer(815301076,1909f56bfc062723c751e8b465ee728b)  -> (artifact id: 'c7f62268714905e27edde19c840ac496') in 0.079340 seconds 
========================================================================
Received Import Request.
  Time since last request: 0.000240 seconds.
  path: Assets/Models/Heart/Meshes/Object_5.asset
  artifactKey: Guid(1f99af35215173d4ca22f2dbdb8251d1) Importer(815301076,1909f56bfc062723c751e8b465ee728b)
Start importing Assets/Models/Heart/Meshes/Object_5.asset using Guid(1f99af35215173d4ca22f2dbdb8251d1) Importer(815301076,1909f56bfc062723c751e8b465ee728b)  -> (artifact id: 'ed53e385c33efa94959b18202cad3d91') in 0.024399 seconds 
========================================================================
Received Import Request.
  Time since last request: 0.000243 seconds.
  path: Assets/Models/Heart/Meshes/Object_40.asset
  artifactKey: Guid(b23e6b8c3a9c629449bd7f9eb3be0923) Importer(815301076,1909f56bfc062723c751e8b465ee728b)
Start importing Assets/Models/Heart/Meshes/Object_40.asset using Guid(b23e6b8c3a9c629449bd7f9eb3be0923) Importer(815301076,1909f56bfc062723c751e8b465ee728b)  -> (artifact id: '911e0b7b3fa5f107102a0f69b05c56cb') in 0.043569 seconds 
========================================================================
Received Import Request.
  Time since last request: 0.000171 seconds.
  path: Assets/Models/Heart/Meshes/Object_1.asset
  artifactKey: Guid(6b9378894d2cf344fa9e5aeb479189e3) Importer(815301076,1909f56bfc062723c751e8b465ee728b)
Start importing Assets/Models/Heart/Meshes/Object_1.asset using Guid(6b9378894d2cf344fa9e5aeb479189e3) Importer(815301076,1909f56bfc062723c751e8b465ee728b)  -> (artifact id: '33db862d8430448edc168631a9e915a4') in 0.020605 seconds 
========================================================================
Received Import Request.
  Time since last request: 0.000216 seconds.
  path: Assets/Models/Heart/Meshes/Object_2.asset
  artifactKey: Guid(458c68c47150d3f489d684d14f9fad51) Importer(815301076,1909f56bfc062723c751e8b465ee728b)
Start importing Assets/Models/Heart/Meshes/Object_2.asset using Guid(458c68c47150d3f489d684d14f9fad51) Importer(815301076,1909f56bfc062723c751e8b465ee728b)  -> (artifact id: 'a93085c2d56d65cb15ef730667380ac1') in 0.016909 seconds 
========================================================================
Received Import Request.
  Time since last request: 0.000170 seconds.
  path: Assets/Models/Heart/Meshes/Object_28.asset
  artifactKey: Guid(7e4bef9be771d654092b282e65a54769) Importer(815301076,1909f56bfc062723c751e8b465ee728b)
Start importing Assets/Models/Heart/Meshes/Object_28.asset using Guid(7e4bef9be771d654092b282e65a54769) Importer(815301076,1909f56bfc062723c751e8b465ee728b)  -> (artifact id: '2e95ec0c317a8ce9c2e295fc0964a31a') in 0.081572 seconds 
========================================================================
Received Import Request.
  Time since last request: 0.000133 seconds.
  path: Assets/Models/Heart/Meshes/Object_32.asset
  artifactKey: Guid(3a7b34a1bd7290146a4603490f0e8341) Importer(815301076,1909f56bfc062723c751e8b465ee728b)
Start importing Assets/Models/Heart/Meshes/Object_32.asset using Guid(3a7b34a1bd7290146a4603490f0e8341) Importer(815301076,1909f56bfc062723c751e8b465ee728b)  -> (artifact id: '3c463e082b6be96ce806ccfd27ce3fef') in 0.082014 seconds 
========================================================================
Received Import Request.
  Time since last request: 0.000153 seconds.
  path: Assets/Models/Heart/Meshes/Object_35.asset
  artifactKey: Guid(aa8654af80f374849b6bf94f1b08824f) Importer(815301076,1909f56bfc062723c751e8b465ee728b)
Start importing Assets/Models/Heart/Meshes/Object_35.asset using Guid(aa8654af80f374849b6bf94f1b08824f) Importer(815301076,1909f56bfc062723c751e8b465ee728b)  -> (artifact id: '275dc9939998ff1bd73a7e5d6171519d') in 0.080700 seconds 
========================================================================
Received Import Request.
  Time since last request: 0.000236 seconds.
  path: Assets/Models/Heart/Meshes/Object_8.asset
  artifactKey: Guid(f8c34687ca7b29341b0ca3be5643745b) Importer(815301076,1909f56bfc062723c751e8b465ee728b)
Start importing Assets/Models/Heart/Meshes/Object_8.asset using Guid(f8c34687ca7b29341b0ca3be5643745b) Importer(815301076,1909f56bfc062723c751e8b465ee728b)  -> (artifact id: '4b819e851c17a9e0e382625f05df6165') in 0.077933 seconds 
========================================================================
Received Import Request.
  Time since last request: 0.000197 seconds.
  path: Assets/Models/Heart/Meshes/Object_33.asset
  artifactKey: Guid(6c63fafaf06d5434789d8f47dd58f223) Importer(815301076,1909f56bfc062723c751e8b465ee728b)
Start importing Assets/Models/Heart/Meshes/Object_33.asset using Guid(6c63fafaf06d5434789d8f47dd58f223) Importer(815301076,1909f56bfc062723c751e8b465ee728b)  -> (artifact id: '9b9fa4fa2873f7b4b32b9aa7705a07e3') in 0.084197 seconds 
========================================================================
Received Import Request.
  Time since last request: 0.000276 seconds.
  path: Assets/Models/Heart/Meshes/Object_11.asset
  artifactKey: Guid(a42b43dcd577b4740aa7f6448d823f2b) Importer(815301076,1909f56bfc062723c751e8b465ee728b)
Start importing Assets/Models/Heart/Meshes/Object_11.asset using Guid(a42b43dcd577b4740aa7f6448d823f2b) Importer(815301076,1909f56bfc062723c751e8b465ee728b)  -> (artifact id: 'fc792b3bd3bd11aa3824bb50022d058a') in 0.040576 seconds 
AssetImportWorkerClient::OnTransportError - code=2 error=End of file
